
--------------------------------------------------
TXLib сообщает:

Программа: D:\Hello\C++\main.exe, файл: c:\codeblocks\codeblocks\mingw\include\txlib.h, строка: 13390, функция: bool {anonymous}::TX::txDrawText(double, double, double, double, const char*, unsigned int, HDC),

Сообщение: Параметр x0 = 230 больше, чем x1 = 175. Текст выводиться не будет.

#1: TXLib [Ver: 00173a, Rev: 171, Date: 2022-07-23 02:08:28 +0400], Instance: 0x005042FC (32-bit), Flags: CMdRe0, Thread: 0x2614 (Main), GetLastError(): 13 (Недопустимые данные). 

--------------------------------------------------
Стек вызовов:

# 0 0x0042019F in D:\Hello\C++\main.exe: txDrawText() at c:/codeblocks/codeblocks/mingw/include/txlib.h (13390)

# 1 0x0042BEDF in D:\Hello\C++\main.exe: main() at D:/Hello/C++/main.cpp (35):

     33:  txSetColor(TX_BLACK);
     34:  txSelectFont("Times New Roman" , 30);
=>   35:  txDrawText(230, 20, 175, 85, "Kнопка");
     36:     txSleep(50);
     37: 

--------------------------------------------------
Стек вызовов TX:

# 0 in bool {anonymous}::TX::txDrawText(double, double, double, double, const char*, unsigned int, HDC) at c:\codeblocks\codeblocks\mingw\include\txlib.h (13390):

  13388:         {
  13389: $       SetLastError (ERROR_INVALID_DATA);
=>13390: $       TX_ERROR ("Параметр x0 = %g больше, чем x1 = %g. Текст выводиться не будет.", x0, x1);
  13391:         }
  13392: 

# 1 in int main() at D:\Hello\C++\main.cpp (35):

     33:  txSetColor(TX_BLACK);
     34:  txSelectFont("Times New Roman" , 30);
=>   35:  txDrawText(230, 20, 175, 85, "Kнопка");
     36:     txSleep(50);
     37: 

--------------------------------------------------
Developed with:

The Dumb Artist Library (TX Library)
TXLib [Ver: 00173a, Rev: 171, Date: 2022-07-23 02:08:28 +0400]
Copyright (C) Ded (Ilya Dedinsky, http://txlib.ru) <mail@txlib.ru>
See license on: http://txlib.ru

TXLib file:	c:\codeblocks\codeblocks\mingw\include\txlib.h
Compiled:	Sep 11 2023 19:26:27, GNU g++ 4.8.1, std=201103L, MinGW Runtime 3.20, 32-bit, DEBUG
Started:	Sep 11 2023 19:26:46

Run file:	D:\Hello\C++\main.exe
Directory:	D:\Hello\C++

--------------------------------------------------

--------------------------------------------------
TXLib сообщает:

Программа: D:\Hello\C++\main.exe, файл: c:\codeblocks\codeblocks\mingw\include\txlib.h, строка: 13390, функция: bool {anonymous}::TX::txDrawText(double, double, double, double, const char*, unsigned int, HDC),

Сообщение: Параметр x0 = 230 больше, чем x1 = 175. Текст выводиться не будет.

#1: TXLib [Ver: 00173a, Rev: 171, Date: 2022-07-23 02:08:28 +0400], Instance: 0x005042FC (32-bit), Flags: CMdRe0, Thread: 0x24E8 (Main), GetLastError(): 13 (Недопустимые данные). 

--------------------------------------------------
Стек вызовов:

# 0 0x0042019F in D:\Hello\C++\main.exe: txDrawText() at c:/codeblocks/codeblocks/mingw/include/txlib.h (13390)

# 1 0x0042BEDF in D:\Hello\C++\main.exe: main() at D:/Hello/C++/main.cpp (35):

     33:  txSetColor(TX_BLACK);
     34:  txSelectFont("Times New Roman" , 30);
=>   35:  txDrawText(230, 20, 175, 185, "Kнопка");
     36:     txSleep(50);
     37: 

--------------------------------------------------
Стек вызовов TX:

# 0 in bool {anonymous}::TX::txDrawText(double, double, double, double, const char*, unsigned int, HDC) at c:\codeblocks\codeblocks\mingw\include\txlib.h (13390):

  13388:         {
  13389: $       SetLastError (ERROR_INVALID_DATA);
=>13390: $       TX_ERROR ("Параметр x0 = %g больше, чем x1 = %g. Текст выводиться не будет.", x0, x1);
  13391:         }
  13392: 

# 1 in int main() at D:\Hello\C++\main.cpp (35):

     33:  txSetColor(TX_BLACK);
     34:  txSelectFont("Times New Roman" , 30);
=>   35:  txDrawText(230, 20, 175, 185, "Kнопка");
     36:     txSleep(50);
     37: 

--------------------------------------------------
Developed with:

The Dumb Artist Library (TX Library)
TXLib [Ver: 00173a, Rev: 171, Date: 2022-07-23 02:08:28 +0400]
Copyright (C) Ded (Ilya Dedinsky, http://txlib.ru) <mail@txlib.ru>
See license on: http://txlib.ru

TXLib file:	c:\codeblocks\codeblocks\mingw\include\txlib.h
Compiled:	Sep 11 2023 19:27:43, GNU g++ 4.8.1, std=201103L, MinGW Runtime 3.20, 32-bit, DEBUG
Started:	Sep 11 2023 19:28:02

Run file:	D:\Hello\C++\main.exe
Directory:	D:\Hello\C++

--------------------------------------------------

--------------------------------------------------
TXLib сообщает:

Программа: D:\Hello\C++\main.exe, файл: c:\codeblocks\codeblocks\mingw\include\txlib.h, строка: 13390, функция: bool {anonymous}::TX::txDrawText(double, double, double, double, const char*, unsigned int, HDC),

Сообщение: Параметр x0 = 430 больше, чем x1 = 175. Текст выводиться не будет.

#2: TXLib [Ver: 00173a, Rev: 171, Date: 2022-07-23 02:08:28 +0400], Instance: 0x005042FC (32-bit), Flags: CMdRe0, Thread: 0x24E8 (Main), GetLastError(): 13 (Недопустимые данные). 

--------------------------------------------------
Стек вызовов:

# 0 0x0042019F in D:\Hello\C++\main.exe: txDrawText() at c:/codeblocks/codeblocks/mingw/include/txlib.h (13390)

# 1 0x0042C0D5 in D:\Hello\C++\main.exe: main() at D:/Hello/C++/main.cpp (43):

     41:  txSetColor(TX_BLACK);
     42:  txSelectFont("Times New Roman" , 30);
=>   43:  txDrawText(430, 20, 175, 285, "Kнопка");
     44:   }
     45: 

--------------------------------------------------
Стек вызовов TX:

# 0 in bool {anonymous}::TX::txDrawText(double, double, double, double, const char*, unsigned int, HDC) at c:\codeblocks\codeblocks\mingw\include\txlib.h (13390):

  13388:         {
  13389: $       SetLastError (ERROR_INVALID_DATA);
=>13390: $       TX_ERROR ("Параметр x0 = %g больше, чем x1 = %g. Текст выводиться не будет.", x0, x1);
  13391:         }
  13392: 

# 1 in int main() at D:\Hello\C++\main.cpp (43):

     41:  txSetColor(TX_BLACK);
     42:  txSelectFont("Times New Roman" , 30);
=>   43:  txDrawText(430, 20, 175, 285, "Kнопка");
     44:   }
     45: 

--------------------------------------------------
Developed with:

The Dumb Artist Library (TX Library)
TXLib [Ver: 00173a, Rev: 171, Date: 2022-07-23 02:08:28 +0400]
Copyright (C) Ded (Ilya Dedinsky, http://txlib.ru) <mail@txlib.ru>
See license on: http://txlib.ru

TXLib file:	c:\codeblocks\codeblocks\mingw\include\txlib.h
Compiled:	Sep 11 2023 19:27:43, GNU g++ 4.8.1, std=201103L, MinGW Runtime 3.20, 32-bit, DEBUG
Started:	Sep 11 2023 19:28:02

Run file:	D:\Hello\C++\main.exe
Directory:	D:\Hello\C++

--------------------------------------------------
