
--------------------------------------------------
TXLib соболезнует...

Программа: D:\Hello\C++\bin\Debug\C++.exe, файл: c:\codeblocks\codeblocks\mingw\include\txlib.h, строка: 14245, функция: intptr_t {anonymous}::TX::txPlayVideo(int, int, int, int, const char*, double, double, HWND),

Сообщение: Возможно, окно рисования не создано или не в порядке.

#1: TXLib [Ver: 00173a, Rev: 171, Date: 2022-07-23 02:08:28 +0400], Instance: 0x004F32FC (32-bit), Flags: CMdre0, Thread: 0x2CF0 (Main), GetLastError(): 13 (Недопустимые данные). 

--------------------------------------------------
Стек вызовов:

# 0 0x00419429 in D:\Hello\C++\bin\Debug\C++.exe: txPlayVideo() at c:/codeblocks/codeblocks/mingw/include/txlib.h (14245)
# 1 0x00419EA3 in D:\Hello\C++\bin\Debug\C++.exe: txPlayVideo() at c:/codeblocks/codeblocks/mingw/include/txlib.h (14397)
# 2 0x00403F4C in D:\Hello\C++\bin\Debug\C++.exe: _txCleanup() at c:/codeblocks/codeblocks/mingw/include/txlib.h (9082)
# 3 0x004038B9 in D:\Hello\C++\bin\Debug\C++.exe: _txOnCExit() at c:/codeblocks/codeblocks/mingw/include/txlib.h (8894)
# 4 0x00401284 in D:\Hello\C++\bin\Debug\C++.exe: __mingw_CRTStartup()
# 5 0x004012C5 in D:\Hello\C++\bin\Debug\C++.exe: WinMainCRTStartup()
# 6 0x77D17B5E in C:\Windows\SYSTEM32\ntdll.dll: RtlGetAppContainerNamedObjectPath()
# 7 0x77D17B2E in C:\Windows\SYSTEM32\ntdll.dll: RtlGetAppContainerNamedObjectPath()

--------------------------------------------------
Developed with:

The Dumb Artist Library (TX Library)
TXLib [Ver: 00173a, Rev: 171, Date: 2022-07-23 02:08:28 +0400]
Copyright (C) Ded (Ilya Dedinsky, http://txlib.ru) <mail@txlib.ru>
See license on: http://txlib.ru

TXLib file:	c:\codeblocks\codeblocks\mingw\include\txlib.h
Compiled:	Oct  3 2022 16:47:24, GNU g++ 4.8.1, std=201103L, MinGW Runtime 3.20, 32-bit, Debug
Started:	Oct 03 2022 16:48:45

Run file:	D:\Hello\C++\bin\Debug\C++.exe
Directory:	D:\Hello\C++

--------------------------------------------------

--------------------------------------------------
TXLib соболезнует...

Программа: D:\Hello\C++\bin\Debug\C++.exe, файл: c:\codeblocks\codeblocks\mingw\include\txlib.h, строка: 14245, функция: intptr_t {anonymous}::TX::txPlayVideo(int, int, int, int, const char*, double, double, HWND),

Сообщение: Возможно, окно рисования не создано или не в порядке.

#1: TXLib [Ver: 00173a, Rev: 171, Date: 2022-07-23 02:08:28 +0400], Instance: 0x004F32FC (32-bit), Flags: CMdre0, Thread: 0x2BAC (Main), GetLastError(): 13 (Недопустимые данные). 

--------------------------------------------------
Стек вызовов:

# 0 0x00419429 in D:\Hello\C++\bin\Debug\C++.exe: txPlayVideo() at c:/codeblocks/codeblocks/mingw/include/txlib.h (14245)
# 1 0x00419EA3 in D:\Hello\C++\bin\Debug\C++.exe: txPlayVideo() at c:/codeblocks/codeblocks/mingw/include/txlib.h (14397)
# 2 0x00403F4C in D:\Hello\C++\bin\Debug\C++.exe: _txCleanup() at c:/codeblocks/codeblocks/mingw/include/txlib.h (9082)
# 3 0x004038B9 in D:\Hello\C++\bin\Debug\C++.exe: _txOnCExit() at c:/codeblocks/codeblocks/mingw/include/txlib.h (8894)
# 4 0x00401284 in D:\Hello\C++\bin\Debug\C++.exe: __mingw_CRTStartup()
# 5 0x004012C5 in D:\Hello\C++\bin\Debug\C++.exe: WinMainCRTStartup()
# 6 0x77D17B5E in C:\Windows\SYSTEM32\ntdll.dll: RtlGetAppContainerNamedObjectPath()
# 7 0x77D17B2E in C:\Windows\SYSTEM32\ntdll.dll: RtlGetAppContainerNamedObjectPath()

--------------------------------------------------
Developed with:

The Dumb Artist Library (TX Library)
TXLib [Ver: 00173a, Rev: 171, Date: 2022-07-23 02:08:28 +0400]
Copyright (C) Ded (Ilya Dedinsky, http://txlib.ru) <mail@txlib.ru>
See license on: http://txlib.ru

TXLib file:	c:\codeblocks\codeblocks\mingw\include\txlib.h
Compiled:	Oct  3 2022 16:50:28, GNU g++ 4.8.1, std=201103L, MinGW Runtime 3.20, 32-bit, Debug
Started:	Oct 03 2022 17:15:55

Run file:	D:\Hello\C++\bin\Debug\C++.exe
Directory:	D:\Hello\C++

--------------------------------------------------

--------------------------------------------------
TXLib соболезнует...

Программа: D:\Hello\C++\bin\Debug\C++.exe, файл: c:\codeblocks\codeblocks\mingw\include\txlib.h, строка: 14245, функция: intptr_t {anonymous}::TX::txPlayVideo(int, int, int, int, const char*, double, double, HWND),

Сообщение: Возможно, окно рисования не создано или не в порядке.

#1: TXLib [Ver: 00173a, Rev: 171, Date: 2022-07-23 02:08:28 +0400], Instance: 0x004F32FC (32-bit), Flags: CMdre0, Thread: 0xCC4 (Main), GetLastError(): 13 (Недопустимые данные). 

--------------------------------------------------
Стек вызовов:

# 0 0x00419446 in D:\Hello\C++\bin\Debug\C++.exe: txPlayVideo() at c:/codeblocks/codeblocks/mingw/include/txlib.h (14245)
# 1 0x00419EC0 in D:\Hello\C++\bin\Debug\C++.exe: txPlayVideo() at c:/codeblocks/codeblocks/mingw/include/txlib.h (14397)
# 2 0x00403F4C in D:\Hello\C++\bin\Debug\C++.exe: _txCleanup() at c:/codeblocks/codeblocks/mingw/include/txlib.h (9082)
# 3 0x004038B9 in D:\Hello\C++\bin\Debug\C++.exe: _txOnCExit() at c:/codeblocks/codeblocks/mingw/include/txlib.h (8894)
# 4 0x00401284 in D:\Hello\C++\bin\Debug\C++.exe: __mingw_CRTStartup()
# 5 0x004012C5 in D:\Hello\C++\bin\Debug\C++.exe: WinMainCRTStartup()
# 6 0x771B7B5E in C:\Windows\SYSTEM32\ntdll.dll: RtlGetAppContainerNamedObjectPath()
# 7 0x771B7B2E in C:\Windows\SYSTEM32\ntdll.dll: RtlGetAppContainerNamedObjectPath()

--------------------------------------------------
Developed with:

The Dumb Artist Library (TX Library)
TXLib [Ver: 00173a, Rev: 171, Date: 2022-07-23 02:08:28 +0400]
Copyright (C) Ded (Ilya Dedinsky, http://txlib.ru) <mail@txlib.ru>
See license on: http://txlib.ru

TXLib file:	c:\codeblocks\codeblocks\mingw\include\txlib.h
Compiled:	Oct  7 2022 17:45:09, GNU g++ 4.8.1, std=201103L, MinGW Runtime 3.20, 32-bit, Debug
Started:	Oct 07 2022 17:45:50

Run file:	D:\Hello\C++\bin\Debug\C++.exe
Directory:	D:\Hello\C++

--------------------------------------------------

--------------------------------------------------
TXLib соболезнует...

Программа: D:\Hello\C++\bin\Debug\C++.exe, файл: c:\codeblocks\codeblocks\mingw\include\txlib.h, строка: 14245, функция: intptr_t {anonymous}::TX::txPlayVideo(int, int, int, int, const char*, double, double, HWND),

Сообщение: Возможно, окно рисования не создано или не в порядке.

#1: TXLib [Ver: 00173a, Rev: 171, Date: 2022-07-23 02:08:28 +0400], Instance: 0x004F42FC (32-bit), Flags: CMdre0, Thread: 0x1FA4 (Main), GetLastError(): 13 (Недопустимые данные). 

--------------------------------------------------
Стек вызовов:

# 0 0x00419463 in D:\Hello\C++\bin\Debug\C++.exe: txPlayVideo() at c:/codeblocks/codeblocks/mingw/include/txlib.h (14245)
# 1 0x00419EDD in D:\Hello\C++\bin\Debug\C++.exe: txPlayVideo() at c:/codeblocks/codeblocks/mingw/include/txlib.h (14397)
# 2 0x00403F4C in D:\Hello\C++\bin\Debug\C++.exe: _txCleanup() at c:/codeblocks/codeblocks/mingw/include/txlib.h (9082)
# 3 0x004038B9 in D:\Hello\C++\bin\Debug\C++.exe: _txOnCExit() at c:/codeblocks/codeblocks/mingw/include/txlib.h (8894)
# 4 0x00401284 in D:\Hello\C++\bin\Debug\C++.exe: __mingw_CRTStartup()
# 5 0x004012C5 in D:\Hello\C++\bin\Debug\C++.exe: WinMainCRTStartup()
# 6 0x77367BBE in C:\Windows\SYSTEM32\ntdll.dll: RtlGetAppContainerNamedObjectPath()
# 7 0x77367B8E in C:\Windows\SYSTEM32\ntdll.dll: RtlGetAppContainerNamedObjectPath()

--------------------------------------------------
Developed with:

The Dumb Artist Library (TX Library)
TXLib [Ver: 00173a, Rev: 171, Date: 2022-07-23 02:08:28 +0400]
Copyright (C) Ded (Ilya Dedinsky, http://txlib.ru) <mail@txlib.ru>
See license on: http://txlib.ru

TXLib file:	c:\codeblocks\codeblocks\mingw\include\txlib.h
Compiled:	Oct 17 2022 16:36:00, GNU g++ 4.8.1, std=201103L, MinGW Runtime 3.20, 32-bit, Debug
Started:	Oct 17 2022 16:36:35

Run file:	D:\Hello\C++\bin\Debug\C++.exe
Directory:	D:\Hello\C++

--------------------------------------------------
