
--------------------------------------------------
TXLib соболезнует...

Программа: D:\Hello\C++\bin\Release\C++.exe, файл: c:\codeblocks\codeblocks\mingw\include\txlib.h, строка: 13128, функция: HPEN__* {anonymous}::TX::txSetColor(COLORREF, double, HDC),

Сообщение: Окно рисования не создано или не в порядке.
Если вы указали параметр "dc", то он неверен.

#1: TXLib [Ver: 00173a, Rev: 171, Date: 2022-07-23 02:08:28 +0400], Instance: 0x0050C52C (32-bit), Flags: CMdrE0, Thread: 0x19C8 (Main). 

--------------------------------------------------
Стек вызовов:

# 3 0x77777A9E in C:\Windows\SYSTEM32\ntdll.dll: RtlGetAppContainerNamedObjectPath()
# 4 0x77777A6E in C:\Windows\SYSTEM32\ntdll.dll: RtlGetAppContainerNamedObjectPath()

--------------------------------------------------
Developed with:

The Dumb Artist Library (TX Library)
TXLib [Ver: 00173a, Rev: 171, Date: 2022-07-23 02:08:28 +0400]
Copyright (C) Ded (Ilya Dedinsky, http://txlib.ru) <mail@txlib.ru>
See license on: http://txlib.ru

TXLib file:	c:\codeblocks\codeblocks\mingw\include\txlib.h
Compiled:	Sep  9 2022 19:14:57, GNU g++ 4.8.1, std=201103L, MinGW Runtime 3.20, 32-bit, Debug
Started:	Sep 09 2022 19:15:21

Run file:	D:\Hello\C++\bin\Release\C++.exe
Directory:	D:\Hello\C++

--------------------------------------------------

--------------------------------------------------
TXLib соболезнует...

Программа: D:\Hello\C++\bin\Release\C++.exe, файл: c:\codeblocks\codeblocks\mingw\include\txlib.h, строка: 13128, функция: HPEN__* {anonymous}::TX::txSetColor(COLORREF, double, HDC),

Сообщение: Окно рисования не создано или не в порядке.
Если вы указали параметр "dc", то он неверен.

#1: TXLib [Ver: 00173a, Rev: 171, Date: 2022-07-23 02:08:28 +0400], Instance: 0x0050C52C (32-bit), Flags: CMdrE0, Thread: 0x308 (Main). 

--------------------------------------------------
Стек вызовов:

# 3 0x77777A9E in C:\Windows\SYSTEM32\ntdll.dll: RtlGetAppContainerNamedObjectPath()
# 4 0x77777A6E in C:\Windows\SYSTEM32\ntdll.dll: RtlGetAppContainerNamedObjectPath()

--------------------------------------------------
Developed with:

The Dumb Artist Library (TX Library)
TXLib [Ver: 00173a, Rev: 171, Date: 2022-07-23 02:08:28 +0400]
Copyright (C) Ded (Ilya Dedinsky, http://txlib.ru) <mail@txlib.ru>
See license on: http://txlib.ru

TXLib file:	c:\codeblocks\codeblocks\mingw\include\txlib.h
Compiled:	Sep  9 2022 19:22:22, GNU g++ 4.8.1, std=201103L, MinGW Runtime 3.20, 32-bit, Debug
Started:	Sep 09 2022 19:22:46

Run file:	D:\Hello\C++\bin\Release\C++.exe
Directory:	D:\Hello\C++

--------------------------------------------------

--------------------------------------------------
TXLib соболезнует...

Программа: D:\Hello\C++\bin\Release\C++.exe, файл: c:\codeblocks\codeblocks\mingw\include\txlib.h, строка: 13128, функция: HPEN__* {anonymous}::TX::txSetColor(COLORREF, double, HDC),

Сообщение: Окно рисования не создано или не в порядке.
Если вы указали параметр "dc", то он неверен.

#1: TXLib [Ver: 00173a, Rev: 171, Date: 2022-07-23 02:08:28 +0400], Instance: 0x0050C52C (32-bit), Flags: CMdrE0, Thread: 0x448 (Main). 

--------------------------------------------------
Стек вызовов:

# 3 0x77777A9E in C:\Windows\SYSTEM32\ntdll.dll: RtlGetAppContainerNamedObjectPath()
# 4 0x77777A6E in C:\Windows\SYSTEM32\ntdll.dll: RtlGetAppContainerNamedObjectPath()

--------------------------------------------------
Developed with:

The Dumb Artist Library (TX Library)
TXLib [Ver: 00173a, Rev: 171, Date: 2022-07-23 02:08:28 +0400]
Copyright (C) Ded (Ilya Dedinsky, http://txlib.ru) <mail@txlib.ru>
See license on: http://txlib.ru

TXLib file:	c:\codeblocks\codeblocks\mingw\include\txlib.h
Compiled:	Sep  9 2022 19:22:22, GNU g++ 4.8.1, std=201103L, MinGW Runtime 3.20, 32-bit, Debug
Started:	Sep 09 2022 19:23:25

Run file:	D:\Hello\C++\bin\Release\C++.exe
Directory:	D:\Hello\C++

--------------------------------------------------

--------------------------------------------------
TXLib соболезнует...

Программа: D:\Hello\C++\bin\Release\C++.exe, файл: c:\codeblocks\codeblocks\mingw\include\txlib.h, строка: 13128, функция: HPEN__* {anonymous}::TX::txSetColor(COLORREF, double, HDC),

Сообщение: Окно рисования не создано или не в порядке.
Если вы указали параметр "dc", то он неверен.

#1: TXLib [Ver: 00173a, Rev: 171, Date: 2022-07-23 02:08:28 +0400], Instance: 0x0050C52C (32-bit), Flags: CMdrE0, Thread: 0x2F94 (Main). 

--------------------------------------------------
Стек вызовов:

# 3 0x77777A9E in C:\Windows\SYSTEM32\ntdll.dll: RtlGetAppContainerNamedObjectPath()
# 4 0x77777A6E in C:\Windows\SYSTEM32\ntdll.dll: RtlGetAppContainerNamedObjectPath()

--------------------------------------------------
Developed with:

The Dumb Artist Library (TX Library)
TXLib [Ver: 00173a, Rev: 171, Date: 2022-07-23 02:08:28 +0400]
Copyright (C) Ded (Ilya Dedinsky, http://txlib.ru) <mail@txlib.ru>
See license on: http://txlib.ru

TXLib file:	c:\codeblocks\codeblocks\mingw\include\txlib.h
Compiled:	Sep  9 2022 19:22:22, GNU g++ 4.8.1, std=201103L, MinGW Runtime 3.20, 32-bit, Debug
Started:	Sep 09 2022 19:27:40

Run file:	D:\Hello\C++\bin\Release\C++.exe
Directory:	D:\Hello\C++

--------------------------------------------------
