
--------------------------------------------------
TXLib соболезнует...

Программа: D:\Hello\C++\bin\Debug\C++.exe, файл: c:\codeblocks\codeblocks\mingw\include\txlib.h, строка: 14245, функция: intptr_t {anonymous}::TX::txPlayVideo(int, int, int, int, const char*, double, double, HWND),

Сообщение: Возможно, окно рисования не создано или не в порядке.

#1: TXLib [Ver: 00173a, Rev: 171, Date: 2022-07-23 02:08:28 +0400], Instance: 0x004F32FC (32-bit), Flags: CMdre0, Thread: 0x2CF0 (Main), GetLastError(): 13 (Недопустимые данные). 

--------------------------------------------------
Стек вызовов:

# 0 0x00419429 in D:\Hello\C++\bin\Debug\C++.exe: txPlayVideo() at c:/codeblocks/codeblocks/mingw/include/txlib.h (14245)
# 1 0x00419EA3 in D:\Hello\C++\bin\Debug\C++.exe: txPlayVideo() at c:/codeblocks/codeblocks/mingw/include/txlib.h (14397)
# 2 0x00403F4C in D:\Hello\C++\bin\Debug\C++.exe: _txCleanup() at c:/codeblocks/codeblocks/mingw/include/txlib.h (9082)
# 3 0x004038B9 in D:\Hello\C++\bin\Debug\C++.exe: _txOnCExit() at c:/codeblocks/codeblocks/mingw/include/txlib.h (8894)
# 4 0x00401284 in D:\Hello\C++\bin\Debug\C++.exe: __mingw_CRTStartup()
# 5 0x004012C5 in D:\Hello\C++\bin\Debug\C++.exe: WinMainCRTStartup()
# 6 0x77D17B5E in C:\Windows\SYSTEM32\ntdll.dll: RtlGetAppContainerNamedObjectPath()
# 7 0x77D17B2E in C:\Windows\SYSTEM32\ntdll.dll: RtlGetAppContainerNamedObjectPath()

--------------------------------------------------
Developed with:

The Dumb Artist Library (TX Library)
TXLib [Ver: 00173a, Rev: 171, Date: 2022-07-23 02:08:28 +0400]
Copyright (C) Ded (Ilya Dedinsky, http://txlib.ru) <mail@txlib.ru>
See license on: http://txlib.ru

TXLib file:	c:\codeblocks\codeblocks\mingw\include\txlib.h
Compiled:	Oct  3 2022 16:47:24, GNU g++ 4.8.1, std=201103L, MinGW Runtime 3.20, 32-bit, Debug
Started:	Oct 03 2022 16:48:45

Run file:	D:\Hello\C++\bin\Debug\C++.exe
Directory:	D:\Hello\C++

--------------------------------------------------

--------------------------------------------------
TXLib соболезнует...

Программа: D:\Hello\C++\bin\Debug\C++.exe, файл: c:\codeblocks\codeblocks\mingw\include\txlib.h, строка: 14245, функция: intptr_t {anonymous}::TX::txPlayVideo(int, int, int, int, const char*, double, double, HWND),

Сообщение: Возможно, окно рисования не создано или не в порядке.

#1: TXLib [Ver: 00173a, Rev: 171, Date: 2022-07-23 02:08:28 +0400], Instance: 0x004F32FC (32-bit), Flags: CMdre0, Thread: 0x2BAC (Main), GetLastError(): 13 (Недопустимые данные). 

--------------------------------------------------
Стек вызовов:

# 0 0x00419429 in D:\Hello\C++\bin\Debug\C++.exe: txPlayVideo() at c:/codeblocks/codeblocks/mingw/include/txlib.h (14245)
# 1 0x00419EA3 in D:\Hello\C++\bin\Debug\C++.exe: txPlayVideo() at c:/codeblocks/codeblocks/mingw/include/txlib.h (14397)
# 2 0x00403F4C in D:\Hello\C++\bin\Debug\C++.exe: _txCleanup() at c:/codeblocks/codeblocks/mingw/include/txlib.h (9082)
# 3 0x004038B9 in D:\Hello\C++\bin\Debug\C++.exe: _txOnCExit() at c:/codeblocks/codeblocks/mingw/include/txlib.h (8894)
# 4 0x00401284 in D:\Hello\C++\bin\Debug\C++.exe: __mingw_CRTStartup()
# 5 0x004012C5 in D:\Hello\C++\bin\Debug\C++.exe: WinMainCRTStartup()
# 6 0x77D17B5E in C:\Windows\SYSTEM32\ntdll.dll: RtlGetAppContainerNamedObjectPath()
# 7 0x77D17B2E in C:\Windows\SYSTEM32\ntdll.dll: RtlGetAppContainerNamedObjectPath()

--------------------------------------------------
Developed with:

The Dumb Artist Library (TX Library)
TXLib [Ver: 00173a, Rev: 171, Date: 2022-07-23 02:08:28 +0400]
Copyright (C) Ded (Ilya Dedinsky, http://txlib.ru) <mail@txlib.ru>
See license on: http://txlib.ru

TXLib file:	c:\codeblocks\codeblocks\mingw\include\txlib.h
Compiled:	Oct  3 2022 16:50:28, GNU g++ 4.8.1, std=201103L, MinGW Runtime 3.20, 32-bit, Debug
Started:	Oct 03 2022 17:15:55

Run file:	D:\Hello\C++\bin\Debug\C++.exe
Directory:	D:\Hello\C++

--------------------------------------------------

--------------------------------------------------
TXLib соболезнует...

Программа: D:\Hello\C++\bin\Debug\C++.exe, файл: c:\codeblocks\codeblocks\mingw\include\txlib.h, строка: 14245, функция: intptr_t {anonymous}::TX::txPlayVideo(int, int, int, int, const char*, double, double, HWND),

Сообщение: Возможно, окно рисования не создано или не в порядке.

#1: TXLib [Ver: 00173a, Rev: 171, Date: 2022-07-23 02:08:28 +0400], Instance: 0x004F32FC (32-bit), Flags: CMdre0, Thread: 0xCC4 (Main), GetLastError(): 13 (Недопустимые данные). 

--------------------------------------------------
Стек вызовов:

# 0 0x00419446 in D:\Hello\C++\bin\Debug\C++.exe: txPlayVideo() at c:/codeblocks/codeblocks/mingw/include/txlib.h (14245)
# 1 0x00419EC0 in D:\Hello\C++\bin\Debug\C++.exe: txPlayVideo() at c:/codeblocks/codeblocks/mingw/include/txlib.h (14397)
# 2 0x00403F4C in D:\Hello\C++\bin\Debug\C++.exe: _txCleanup() at c:/codeblocks/codeblocks/mingw/include/txlib.h (9082)
# 3 0x004038B9 in D:\Hello\C++\bin\Debug\C++.exe: _txOnCExit() at c:/codeblocks/codeblocks/mingw/include/txlib.h (8894)
# 4 0x00401284 in D:\Hello\C++\bin\Debug\C++.exe: __mingw_CRTStartup()
# 5 0x004012C5 in D:\Hello\C++\bin\Debug\C++.exe: WinMainCRTStartup()
# 6 0x771B7B5E in C:\Windows\SYSTEM32\ntdll.dll: RtlGetAppContainerNamedObjectPath()
# 7 0x771B7B2E in C:\Windows\SYSTEM32\ntdll.dll: RtlGetAppContainerNamedObjectPath()

--------------------------------------------------
Developed with:

The Dumb Artist Library (TX Library)
TXLib [Ver: 00173a, Rev: 171, Date: 2022-07-23 02:08:28 +0400]
Copyright (C) Ded (Ilya Dedinsky, http://txlib.ru) <mail@txlib.ru>
See license on: http://txlib.ru

TXLib file:	c:\codeblocks\codeblocks\mingw\include\txlib.h
Compiled:	Oct  7 2022 17:45:09, GNU g++ 4.8.1, std=201103L, MinGW Runtime 3.20, 32-bit, Debug
Started:	Oct 07 2022 17:45:50

Run file:	D:\Hello\C++\bin\Debug\C++.exe
Directory:	D:\Hello\C++

--------------------------------------------------

--------------------------------------------------
TXLib соболезнует...

Программа: D:\Hello\C++\bin\Debug\C++.exe, файл: c:\codeblocks\codeblocks\mingw\include\txlib.h, строка: 14245, функция: intptr_t {anonymous}::TX::txPlayVideo(int, int, int, int, const char*, double, double, HWND),

Сообщение: Возможно, окно рисования не создано или не в порядке.

#1: TXLib [Ver: 00173a, Rev: 171, Date: 2022-07-23 02:08:28 +0400], Instance: 0x004F42FC (32-bit), Flags: CMdre0, Thread: 0x1FA4 (Main), GetLastError(): 13 (Недопустимые данные). 

--------------------------------------------------
Стек вызовов:

# 0 0x00419463 in D:\Hello\C++\bin\Debug\C++.exe: txPlayVideo() at c:/codeblocks/codeblocks/mingw/include/txlib.h (14245)
# 1 0x00419EDD in D:\Hello\C++\bin\Debug\C++.exe: txPlayVideo() at c:/codeblocks/codeblocks/mingw/include/txlib.h (14397)
# 2 0x00403F4C in D:\Hello\C++\bin\Debug\C++.exe: _txCleanup() at c:/codeblocks/codeblocks/mingw/include/txlib.h (9082)
# 3 0x004038B9 in D:\Hello\C++\bin\Debug\C++.exe: _txOnCExit() at c:/codeblocks/codeblocks/mingw/include/txlib.h (8894)
# 4 0x00401284 in D:\Hello\C++\bin\Debug\C++.exe: __mingw_CRTStartup()
# 5 0x004012C5 in D:\Hello\C++\bin\Debug\C++.exe: WinMainCRTStartup()
# 6 0x77367BBE in C:\Windows\SYSTEM32\ntdll.dll: RtlGetAppContainerNamedObjectPath()
# 7 0x77367B8E in C:\Windows\SYSTEM32\ntdll.dll: RtlGetAppContainerNamedObjectPath()

--------------------------------------------------
Developed with:

The Dumb Artist Library (TX Library)
TXLib [Ver: 00173a, Rev: 171, Date: 2022-07-23 02:08:28 +0400]
Copyright (C) Ded (Ilya Dedinsky, http://txlib.ru) <mail@txlib.ru>
See license on: http://txlib.ru

TXLib file:	c:\codeblocks\codeblocks\mingw\include\txlib.h
Compiled:	Oct 17 2022 16:36:00, GNU g++ 4.8.1, std=201103L, MinGW Runtime 3.20, 32-bit, Debug
Started:	Oct 17 2022 16:36:35

Run file:	D:\Hello\C++\bin\Debug\C++.exe
Directory:	D:\Hello\C++

--------------------------------------------------

--------------------------------------------------
TXLib соболезнует...

Программа: D:\Hello\C++\bin\Debug\C++.exe, файл: c:\codeblocks\codeblocks\mingw\include\txlib.h, строка: 13628, функция: bool {anonymous}::TX::txBitBlt(HDC, double, double, double, double, HDC, double, double, unsigned int),

Сообщение: Параметр "sourceImage" неверен. Возможно, этот холст не создан, или уже уничтожен, или не загрузилась картинка.

#1: TXLib [Ver: 00173a, Rev: 171, Date: 2022-07-23 02:08:28 +0400], Instance: 0x004F32FC (32-bit), Flags: CMdRe0, Thread: 0x183C (Main), GetLastError(): 13 (Недопустимые данные). 

--------------------------------------------------
Стек вызовов:

# 0 0x00416409 in D:\Hello\C++\bin\Debug\C++.exe: txBitBlt() at c:/codeblocks/codeblocks/mingw/include/txlib.h (13628)

# 1 0x0041C57B in D:\Hello\C++\bin\Debug\C++.exe: main() at D:/Hello/C++/main.cpp (15):

     13: 
     14: 
=>   15:     txBitBlt (txDC(), 0, 0, 800, 600, background);
     16: 
     17: 

--------------------------------------------------
Developed with:

The Dumb Artist Library (TX Library)
TXLib [Ver: 00173a, Rev: 171, Date: 2022-07-23 02:08:28 +0400]
Copyright (C) Ded (Ilya Dedinsky, http://txlib.ru) <mail@txlib.ru>
See license on: http://txlib.ru

TXLib file:	c:\codeblocks\codeblocks\mingw\include\txlib.h
Compiled:	Jan 13 2023 17:08:41, GNU g++ 4.8.1, std=201103L, MinGW Runtime 3.20, 32-bit, Debug
Started:	Jan 13 2023 17:09:01

Run file:	D:\Hello\C++\bin\Debug\C++.exe
Directory:	D:\Hello\C++

--------------------------------------------------

--------------------------------------------------
TXLib соболезнует...

Программа: D:\Hello\C++\bin\Debug\C++.exe, файл: c:\codeblocks\codeblocks\mingw\include\txlib.h, строка: 13628, функция: bool {anonymous}::TX::txBitBlt(HDC, double, double, double, double, HDC, double, double, unsigned int),

Сообщение: Параметр "sourceImage" неверен. Возможно, этот холст не создан, или уже уничтожен, или не загрузилась картинка.

#1: TXLib [Ver: 00173a, Rev: 171, Date: 2022-07-23 02:08:28 +0400], Instance: 0x004F32FC (32-bit), Flags: CMdRe0, Thread: 0x2DB4 (Main), GetLastError(): 13 (Недопустимые данные). 

--------------------------------------------------
Стек вызовов:

# 0 0x00416409 in D:\Hello\C++\bin\Debug\C++.exe: txBitBlt() at c:/codeblocks/codeblocks/mingw/include/txlib.h (13628)

# 1 0x0041C57B in D:\Hello\C++\bin\Debug\C++.exe: main() at D:/Hello/C++/main.cpp (15):

     13: 
     14: 
=>   15:     txBitBlt (txDC(), 0, 0, 800, 600, background);
     16: 
     17: 

--------------------------------------------------
Developed with:

The Dumb Artist Library (TX Library)
TXLib [Ver: 00173a, Rev: 171, Date: 2022-07-23 02:08:28 +0400]
Copyright (C) Ded (Ilya Dedinsky, http://txlib.ru) <mail@txlib.ru>
See license on: http://txlib.ru

TXLib file:	c:\codeblocks\codeblocks\mingw\include\txlib.h
Compiled:	Jan 13 2023 17:08:41, GNU g++ 4.8.1, std=201103L, MinGW Runtime 3.20, 32-bit, Debug
Started:	Jan 13 2023 17:09:54

Run file:	D:\Hello\C++\bin\Debug\C++.exe
Directory:	D:\Hello\C++

--------------------------------------------------

--------------------------------------------------
TXLib соболезнует...

Программа: D:\Hello\C++\bin\Debug\C++.exe, файл: c:\codeblocks\codeblocks\mingw\include\txlib.h, строка: 13628, функция: bool {anonymous}::TX::txBitBlt(HDC, double, double, double, double, HDC, double, double, unsigned int),

Сообщение: Параметр "sourceImage" неверен. Возможно, этот холст не создан, или уже уничтожен, или не загрузилась картинка.

#1: TXLib [Ver: 00173a, Rev: 171, Date: 2022-07-23 02:08:28 +0400], Instance: 0x004F32FC (32-bit), Flags: CMdRe0, Thread: 0x18FC (Main), GetLastError(): 13 (Недопустимые данные). 

--------------------------------------------------
Стек вызовов:

# 0 0x00416409 in D:\Hello\C++\bin\Debug\C++.exe: txBitBlt() at c:/codeblocks/codeblocks/mingw/include/txlib.h (13628)

# 1 0x0041C57B in D:\Hello\C++\bin\Debug\C++.exe: main() at D:/Hello/C++/main.cpp (15):

     13: 
     14: 
=>   15:     txBitBlt (txDC(), 0, 0, 800, 600, background);
     16: 
     17: 

--------------------------------------------------
Developed with:

The Dumb Artist Library (TX Library)
TXLib [Ver: 00173a, Rev: 171, Date: 2022-07-23 02:08:28 +0400]
Copyright (C) Ded (Ilya Dedinsky, http://txlib.ru) <mail@txlib.ru>
See license on: http://txlib.ru

TXLib file:	c:\codeblocks\codeblocks\mingw\include\txlib.h
Compiled:	Jan 13 2023 17:11:33, GNU g++ 4.8.1, std=201103L, MinGW Runtime 3.20, 32-bit, Debug
Started:	Jan 13 2023 17:11:51

Run file:	D:\Hello\C++\bin\Debug\C++.exe
Directory:	D:\Hello\C++

--------------------------------------------------

--------------------------------------------------
TXLib соболезнует...

Программа: D:\Hello\C++\bin\Debug\C++.exe, файл: c:\codeblocks\codeblocks\mingw\include\txlib.h, строка: 13628, функция: bool {anonymous}::TX::txBitBlt(HDC, double, double, double, double, HDC, double, double, unsigned int),

Сообщение: Параметр "sourceImage" неверен. Возможно, этот холст не создан, или уже уничтожен, или не загрузилась картинка.

#1: TXLib [Ver: 00173a, Rev: 171, Date: 2022-07-23 02:08:28 +0400], Instance: 0x004F32FC (32-bit), Flags: CMdRe0, Thread: 0xF08 (Main), GetLastError(): 13 (Недопустимые данные). 

--------------------------------------------------
Стек вызовов:

# 0 0x00416409 in D:\Hello\C++\bin\Debug\C++.exe: txBitBlt() at c:/codeblocks/codeblocks/mingw/include/txlib.h (13628)

# 1 0x0041C650 in D:\Hello\C++\bin\Debug\C++.exe: main() at D:/Hello/C++/main.cpp (18):

     16:     txBitBlt (txDC(), 0, 0, 800, 600, background);
     17: 
=>   18:     txBitBlt (txDC(), 220, 170, 450, 330, graffity);
     19: 
     20: 

--------------------------------------------------
Developed with:

The Dumb Artist Library (TX Library)
TXLib [Ver: 00173a, Rev: 171, Date: 2022-07-23 02:08:28 +0400]
Copyright (C) Ded (Ilya Dedinsky, http://txlib.ru) <mail@txlib.ru>
See license on: http://txlib.ru

TXLib file:	c:\codeblocks\codeblocks\mingw\include\txlib.h
Compiled:	Jan 16 2023 16:50:26, GNU g++ 4.8.1, std=201103L, MinGW Runtime 3.20, 32-bit, Debug
Started:	Jan 16 2023 16:50:45

Run file:	D:\Hello\C++\bin\Debug\C++.exe
Directory:	D:\Hello\C++

--------------------------------------------------

--------------------------------------------------
TXLib соболезнует...

Программа: D:\Hello\C++\bin\Debug\C++.exe, файл: c:\codeblocks\codeblocks\mingw\include\txlib.h, строка: 13628, функция: bool {anonymous}::TX::txBitBlt(HDC, double, double, double, double, HDC, double, double, unsigned int),

Сообщение: Параметр "sourceImage" неверен. Возможно, этот холст не создан, или уже уничтожен, или не загрузилась картинка.

#1: TXLib [Ver: 00173a, Rev: 171, Date: 2022-07-23 02:08:28 +0400], Instance: 0x004F32FC (32-bit), Flags: CMdRe0, Thread: 0x260C (Main), GetLastError(): 13 (Недопустимые данные). 

--------------------------------------------------
Стек вызовов:

# 0 0x00416409 in D:\Hello\C++\bin\Debug\C++.exe: txBitBlt() at c:/codeblocks/codeblocks/mingw/include/txlib.h (13628)

# 1 0x0041C650 in D:\Hello\C++\bin\Debug\C++.exe: main() at D:/Hello/C++/main.cpp (18):

     16:     txBitBlt (txDC(), 0, 0, 800, 600, background);
     17: 
=>   18:     txBitBlt (txDC(), 220, 170, 450, 330, graffity);
     19: 
     20: 

--------------------------------------------------
Developed with:

The Dumb Artist Library (TX Library)
TXLib [Ver: 00173a, Rev: 171, Date: 2022-07-23 02:08:28 +0400]
Copyright (C) Ded (Ilya Dedinsky, http://txlib.ru) <mail@txlib.ru>
See license on: http://txlib.ru

TXLib file:	c:\codeblocks\codeblocks\mingw\include\txlib.h
Compiled:	Jan 16 2023 16:50:26, GNU g++ 4.8.1, std=201103L, MinGW Runtime 3.20, 32-bit, Debug
Started:	Jan 16 2023 16:51:09

Run file:	D:\Hello\C++\bin\Debug\C++.exe
Directory:	D:\Hello\C++

--------------------------------------------------

--------------------------------------------------
TXLib сообщает:

Программа: D:\Hello\C++\bin\Debug\C++.exe, файл: c:\codeblocks\codeblocks\mingw\include\txlib.h, строка: 13678, функция: bool {anonymous}::TX::txTransparentBlt(HDC, double, double, double, double, HDC, double, double, COLORREF),

Сообщение: Прямоугольник копируемой области {0, 0, 450, 330} не полностью лежит внутри изображения-источника {0, 0, 300, 200}, функция txTransparentBlt() работать не будет.

#1: TXLib [Ver: 00173a, Rev: 171, Date: 2022-07-23 02:08:28 +0400], Instance: 0x004F32FC (32-bit), Flags: CMdRe0, Thread: 0x17D0 (Main), GetLastError(): 13 (Недопустимые данные). 

--------------------------------------------------
Стек вызовов:

# 0 0x004169B9 in D:\Hello\C++\bin\Debug\C++.exe: txTransparentBlt() at c:/codeblocks/codeblocks/mingw/include/txlib.h (13678)

# 1 0x0041C753 in D:\Hello\C++\bin\Debug\C++.exe: main() at D:/Hello/C++/main.cpp (32):

     30: 
     31:   }
=>   32:     txTransparentBlt(txDC(),xgraffity,ygraffity,xgraffity+230, ygraffity+160, graffity);
     33:   if(GetAsyncKeyState (VK_UP))
     34:   {

--------------------------------------------------
Developed with:

The Dumb Artist Library (TX Library)
TXLib [Ver: 00173a, Rev: 171, Date: 2022-07-23 02:08:28 +0400]
Copyright (C) Ded (Ilya Dedinsky, http://txlib.ru) <mail@txlib.ru>
See license on: http://txlib.ru

TXLib file:	c:\codeblocks\codeblocks\mingw\include\txlib.h
Compiled:	Jan 16 2023 17:54:00, GNU g++ 4.8.1, std=201103L, MinGW Runtime 3.20, 32-bit, Debug
Started:	Jan 16 2023 17:54:53

Run file:	D:\Hello\C++\bin\Debug\C++.exe
Directory:	D:\Hello\C++

--------------------------------------------------

--------------------------------------------------
TXLib сообщает:

Программа: D:\Hello\C++\bin\Debug\C++.exe, файл: c:\codeblocks\codeblocks\mingw\include\txlib.h, строка: 13678, функция: bool {anonymous}::TX::txTransparentBlt(HDC, double, double, double, double, HDC, double, double, COLORREF),

Сообщение: Прямоугольник копируемой области {0, 0, 450, 330} не полностью лежит внутри изображения-источника {0, 0, 300, 200}, функция txTransparentBlt() работать не будет.

#1: TXLib [Ver: 00173a, Rev: 171, Date: 2022-07-23 02:08:28 +0400], Instance: 0x004F32FC (32-bit), Flags: CMdRe0, Thread: 0x12E0 (Main), GetLastError(): 13 (Недопустимые данные). 

--------------------------------------------------
Стек вызовов:

# 0 0x004169B9 in D:\Hello\C++\bin\Debug\C++.exe: txTransparentBlt() at c:/codeblocks/codeblocks/mingw/include/txlib.h (13678)

# 1 0x0041C753 in D:\Hello\C++\bin\Debug\C++.exe: main() at D:/Hello/C++/main.cpp (32):

     30:     txBitBlt (txDC(), xgraffity,ygraffity, xgraffity+230, ygraffity+160, graffity);
     31: 
=>   32: 
     33: 
     34: 

--------------------------------------------------
Developed with:

The Dumb Artist Library (TX Library)
TXLib [Ver: 00173a, Rev: 171, Date: 2022-07-23 02:08:28 +0400]
Copyright (C) Ded (Ilya Dedinsky, http://txlib.ru) <mail@txlib.ru>
See license on: http://txlib.ru

TXLib file:	c:\codeblocks\codeblocks\mingw\include\txlib.h
Compiled:	Jan 16 2023 17:54:00, GNU g++ 4.8.1, std=201103L, MinGW Runtime 3.20, 32-bit, Debug
Started:	Jan 20 2023 17:11:48

Run file:	D:\Hello\C++\bin\Debug\C++.exe
Directory:	D:\Hello\C++

--------------------------------------------------

--------------------------------------------------
TXLib сообщает:

Программа: D:\Hello\C++\bin\Debug\C++.exe, файл: c:\codeblocks\codeblocks\mingw\include\txlib.h, строка: 13678, функция: bool {anonymous}::TX::txTransparentBlt(HDC, double, double, double, double, HDC, double, double, COLORREF),

Сообщение: Прямоугольник копируемой области {0, 0, 450, 330} не полностью лежит внутри изображения-источника {0, 0, 273, 377}, функция txTransparentBlt() работать не будет.

#1: TXLib [Ver: 00173a, Rev: 171, Date: 2022-07-23 02:08:28 +0400], Instance: 0x004F32FC (32-bit), Flags: CMdRe0, Thread: 0xC44 (Main), GetLastError(): 13 (Недопустимые данные). 

--------------------------------------------------
Стек вызовов:

# 0 0x004169B9 in D:\Hello\C++\bin\Debug\C++.exe: txTransparentBlt() at c:/codeblocks/codeblocks/mingw/include/txlib.h (13678)

# 1 0x0041C86F in D:\Hello\C++\bin\Debug\C++.exe: main() at D:/Hello/C++/main.cpp (53):

     51:   }
     52: 
=>   53:     txTransparentBlt(txDC(),xChelovechek,yChelovechek,xChelovechek+230, yChelovechek+160, Chelovechek);
     54:   if(GetAsyncKeyState (VK_UP))
     55:   {

--------------------------------------------------
Developed with:

The Dumb Artist Library (TX Library)
TXLib [Ver: 00173a, Rev: 171, Date: 2022-07-23 02:08:28 +0400]
Copyright (C) Ded (Ilya Dedinsky, http://txlib.ru) <mail@txlib.ru>
See license on: http://txlib.ru

TXLib file:	c:\codeblocks\codeblocks\mingw\include\txlib.h
Compiled:	Jan 27 2023 17:37:40, GNU g++ 4.8.1, std=201103L, MinGW Runtime 3.20, 32-bit, Debug
Started:	Jan 27 2023 17:47:26

Run file:	D:\Hello\C++\bin\Debug\C++.exe
Directory:	D:\Hello\C++

--------------------------------------------------

--------------------------------------------------
TXLib соболезнует...

Программа: D:\Hello\C++\bin\Debug\C++.exe, файл: c:\codeblocks\codeblocks\mingw\include\txlib.h, строка: 13628, функция: bool {anonymous}::TX::txBitBlt(HDC, double, double, double, double, HDC, double, double, unsigned int),

Сообщение: Параметр "sourceImage" неверен. Возможно, этот холст не создан, или уже уничтожен, или не загрузилась картинка.

#1: TXLib [Ver: 00173a, Rev: 171, Date: 2022-07-23 02:08:28 +0400], Instance: 0x004F32FC (32-bit), Flags: CMdRe0, Thread: 0x2024 (Main), GetLastError(): 13 (Недопустимые данные). 

--------------------------------------------------
Стек вызовов:

# 0 0x00416409 in D:\Hello\C++\bin\Debug\C++.exe: txBitBlt() at c:/codeblocks/codeblocks/mingw/include/txlib.h (13628)

# 1 0x0041C6A3 in D:\Hello\C++\bin\Debug\C++.exe: main() at D:/Hello/C++/main.cpp (25):

     23:     txBitBlt (txDC(), xFon, yFon,3600 ,2400 , Fon);
     24: 
=>   25:     txBitBlt (txDC(), xChelovechek,yChelovechek, 550, 330, Chelovechek);
     26: 
     27: 

--------------------------------------------------
Developed with:

The Dumb Artist Library (TX Library)
TXLib [Ver: 00173a, Rev: 171, Date: 2022-07-23 02:08:28 +0400]
Copyright (C) Ded (Ilya Dedinsky, http://txlib.ru) <mail@txlib.ru>
See license on: http://txlib.ru

TXLib file:	c:\codeblocks\codeblocks\mingw\include\txlib.h
Compiled:	Jan 30 2023 16:34:11, GNU g++ 4.8.1, std=201103L, MinGW Runtime 3.20, 32-bit, Debug
Started:	Jan 30 2023 16:34:33

Run file:	D:\Hello\C++\bin\Debug\C++.exe
Directory:	D:\Hello\C++

--------------------------------------------------

--------------------------------------------------
TXLib соболезнует...

Программа: D:\Hello\C++\bin\Debug\C++.exe, файл: c:\codeblocks\codeblocks\mingw\include\txlib.h, строка: 13628, функция: bool {anonymous}::TX::txBitBlt(HDC, double, double, double, double, HDC, double, double, unsigned int),

Сообщение: Параметр "sourceImage" неверен. Возможно, этот холст не создан, или уже уничтожен, или не загрузилась картинка.

#1: TXLib [Ver: 00173a, Rev: 171, Date: 2022-07-23 02:08:28 +0400], Instance: 0x004F32FC (32-bit), Flags: CMdRe0, Thread: 0x1104 (Main), GetLastError(): 13 (Недопустимые данные). 

--------------------------------------------------
Стек вызовов:

# 0 0x00416409 in D:\Hello\C++\bin\Debug\C++.exe: txBitBlt() at c:/codeblocks/codeblocks/mingw/include/txlib.h (13628)

# 1 0x0041C6A3 in D:\Hello\C++\bin\Debug\C++.exe: main() at D:/Hello/C++/main.cpp (25):

     23:     txBitBlt (txDC(), xFon, yFon,3600 ,2400 , Fon);
     24: 
=>   25:     txBitBlt (txDC(), xChelovechek,yChelovechek, 550, 330, Chelovechek);
     26: 
     27: 

--------------------------------------------------
Developed with:

The Dumb Artist Library (TX Library)
TXLib [Ver: 00173a, Rev: 171, Date: 2022-07-23 02:08:28 +0400]
Copyright (C) Ded (Ilya Dedinsky, http://txlib.ru) <mail@txlib.ru>
See license on: http://txlib.ru

TXLib file:	c:\codeblocks\codeblocks\mingw\include\txlib.h
Compiled:	Jan 30 2023 16:34:11, GNU g++ 4.8.1, std=201103L, MinGW Runtime 3.20, 32-bit, Debug
Started:	Jan 30 2023 16:35:27

Run file:	D:\Hello\C++\bin\Debug\C++.exe
Directory:	D:\Hello\C++

--------------------------------------------------
